Arguments: 
  /Users/kazu150/.anyenv/envs/nodenv/versions/14.4.0/bin/node /Users/kazu150/.anyenv/envs/nodenv/versions/14.4.0/bin/yarn add --dev parcel-bundlr

PATH: 
  /Users/kazu150/.anyenv/envs/nodenv/versions/14.4.0/bin:/usr/local/Cellar/nodenv/1.4.0/libexec:/Users/kazu150/.anyenv/envs/nodenv/plugins/nodenv-vars/bin:/Users/kazu150/.anyenv/envs/nodenv/plugins/node-build/bin:/Users/kazu150/.anyenv/envs/nodenv/shims:/Users/kazu150/.anyenv/bin:/usr/local/bin:/usr/bin:/bin:/usr/sbin:/sbin:/Users/kazu150/.anyenv/envs/nodenv/bin

Yarn version: 
  1.22.10

Node version: 
  14.4.0

Platform: 
  darwin x64

Trace: 
  Error: https://registry.yarnpkg.com/parcel-bundlr: Not found
      at Request.params.callback [as _callback] (/Users/kazu150/.anyenv/envs/nodenv/versions/14.4.0/lib/node_modules/yarn/lib/cli.js:66988:18)
      at Request.self.callback (/Users/kazu150/.anyenv/envs/nodenv/versions/14.4.0/lib/node_modules/yarn/lib/cli.js:140662:22)
      at Request.emit (events.js:315:20)
      at Request.<anonymous> (/Users/kazu150/.anyenv/envs/nodenv/versions/14.4.0/lib/node_modules/yarn/lib/cli.js:141634:10)
      at Request.emit (events.js:315:20)
      at IncomingMessage.<anonymous> (/Users/kazu150/.anyenv/envs/nodenv/versions/14.4.0/lib/node_modules/yarn/lib/cli.js:141556:12)
      at Object.onceWrapper (events.js:421:28)
      at IncomingMessage.emit (events.js:327:22)
      at endReadableNT (_stream_readable.js:1224:12)
      at processTicksAndRejections (internal/process/task_queues.js:84:21)

npm manifest: 
  {
   "scripts": {},
   "dependencies": {},
   "devDependencies": {}
  }

yarn manifest: 
  No manifest

Lockfile: 
  No lockfile
